Arguments: 
  C:\Program Files\nodejs\node.exe C:\Users\jvsan\AppData\Roaming\npm\node_modules\yarn\bin\yarn.js add typesript @types/node -D

PATH: 
  C:\Users\jvsan\bin;C:\Program Files\Git\mingw64\bin;C:\Program Files\Git\usr\local\bin;C:\Program Files\Git\usr\bin;C:\Program Files\Git\usr\bin;C:\Program Files\Git\mingw64\bin;C:\Program Files\Git\usr\bin;C:\Users\jvsan\bin;C:\WINDOWS\system32;C:\WINDOWS;C:\WINDOWS\System32\Wbem;C:\WINDOWS\System32\WindowsPowerShell\v1.0;C:\WINDOWS\System32\OpenSSH;C:\Program Files\Git\cmd;C:\Program Files\nodejs;C:\Program Files\Docker\Docker\resources\bin;C:\Users\jvsan\AppData\Local\Programs\Python\Python311\Scripts;C:\Users\jvsan\AppData\Local\Programs\Python\Python311;C:\Users\jvsan\AppData\Local\Microsoft\WindowsApps;C:\Users\jvsan\AppData\Local\Programs\Microsoft VS Code\bin;C:\Users\jvsan\AppData\Local\GitHubDesktop\bin;C:\curl;C:\Users\jvsan\AppData\Roaming\npm;C:\Program Files\PostgreSQL\14\bin;C:\Program Files\heroku\bin;C:\Program Files\Git\usr\bin\vendor_perl;C:\Program Files\Git\usr\bin\core_perl

Yarn version: 
  1.22.19

Node version: 
  16.16.0

Platform: 
  win32 x64

Trace: 
  Error: https://registry.yarnpkg.com/typesript: Not found
      at Request.params.callback [as _callback] (C:\Users\jvsan\AppData\Roaming\npm\node_modules\yarn\lib\cli.js:66145:18)
      at Request.self.callback (C:\Users\jvsan\AppData\Roaming\npm\node_modules\yarn\lib\cli.js:140890:22)
      at Request.emit (node:events:527:28)
      at Request.<anonymous> (C:\Users\jvsan\AppData\Roaming\npm\node_modules\yarn\lib\cli.js:141862:10)
      at Request.emit (node:events:527:28)
      at IncomingMessage.<anonymous> (C:\Users\jvsan\AppData\Roaming\npm\node_modules\yarn\lib\cli.js:141784:12)
      at Object.onceWrapper (node:events:641:28)
      at IncomingMessage.emit (node:events:539:35)
      at endReadableNT (node:internal/streams/readable:1345:12)
      at processTicksAndRejections (node:internal/process/task_queues:83:21)

npm manifest: 
  {
    "name": "contact-management-api",
    "version": "1.0.0",
    "main": "index.js",
    "repository": "git@github.com:reisquaza/contact-management-api.git",
    "author": "Reisquaza <100309835+Reisquaza@users.noreply.github.com>",
    "license": "MIT"
  }

yarn manifest: 
  No manifest

Lockfile: 
  No lockfile
